[debug] > Exec(early(addDefaultCommands), None, None)
[debug] > Exec(addDefaultCommands, None, None)
[debug] > Exec(early(initialize), None, None)
[debug] > Exec(initialize, None, None)
[debug] > Exec(boot, None, None)
[debug] > Exec(writeSbtVersion, None, None)
[debug] > Exec(reload, None, None)
[debug] > Exec(sbtStashOnFailure, None, None)
[debug] > Exec(onFailure loadFailed, None, None)
[debug] > Exec(loadp, None, None)
[info] welcome to sbt 1.4.3 (Ubuntu Java 11.0.9.1)
[debug]       Load.loadUnit: plugins took 91.097138ms
[debug]       Load.loadUnit: defsScala took 0.355277ms
[debug] [Loading] Scanning directory /home/mars/.sbt/1.0/plugins
[debug] [Loading] Found non-root projects 
[debug] [Loading] Done in /home/mars/.sbt/1.0/plugins, returning: ()
[debug] deducing auto plugins based on known facts Set(Atom(sbt.plugins.CorePlugin)) and clauses Clauses(List(Clause(Atom(sbt.plugins.JvmPlugin),Set(Atom(sbt.plugins.IvyPlugin))), Clause(Atom(sbt.ScriptedPlugin),Set(Atom(sbt.plugins.JvmPlugin))), Clause(Atom(sbt.plugins.SbtPlugin),Set(Atom(sbt.ScriptedPlugin))), Clause(Atom(sbt.plugins.SemanticdbPlugin),Set(Atom(sbt.plugins.JvmPlugin))), Clause(Atom(sbt.plugins.JUnitXmlReportPlugin),Set(Atom(sbt.plugins.JvmPlugin))), Clause(Atom(sbt.plugins.MiniDependencyTreePlugin),Set(Atom(sbt.plugins.JvmPlugin))), Clause(Atom(sbt.plugins.CorePlugin),Set(Atom(sbt.plugins.IvyPlugin))), Clause(Atom(sbt.plugins.IvyPlugin),Set(Atom(sbt.plugins.JvmPlugin))), Clause(Atom(sbt.plugins.JvmPlugin),Set(Atom(sbt.plugins.SemanticdbPlugin))), Clause(Atom(sbt.plugins.JvmPlugin),Set(Atom(sbt.plugins.JUnitXmlReportPlugin))), Clause(Atom(sbt.plugins.CorePlugin),Set(Atom(sbt.plugins.Giter8TemplatePlugin))), Clause(Atom(sbt.plugins.JvmPlugin),Set(Atom(sbt.plugins.MiniDependencyTreePlugin)))))
[debug]   :: deduced result: Matched(sbt.plugins.CorePlugin,sbt.plugins.Giter8TemplatePlugin,sbt.plugins.IvyPlugin,sbt.plugins.JvmPlugin,sbt.plugins.MiniDependencyTreePlugin,sbt.plugins.JUnitXmlReportPlugin,sbt.plugins.SemanticdbPlugin)
[debug] Plugins.deducer#function took 21.528684 ms
[debug]           Load.resolveProject(global-plugins) took 41.956823ms
[debug]         Load.loadTransitive: finalizeProject(Project(id global-plugins, base: /home/mars/.sbt/1.0/plugins, plugins: List(<none>))) took 90.517042ms
[debug] [Loading] Done in /home/mars/.sbt/1.0/plugins, returning: (global-plugins)
[debug]       Load.loadUnit: loadedProjectsRaw took 108.458234ms
[debug]       Load.loadUnit: cleanEvalClasses took 0.238097ms
[debug]     Load.loadUnit(file:/home/mars/.sbt/1.0/plugins/, ...) took 208.206782ms
[debug]   Load.apply: load took 374.633688ms
[debug]   Load.apply: resolveProjects took 6.118ms
[debug]   Load.apply: finalTransforms took 52.861986ms
[debug]   Load.apply: config.delegates took 5.66212ms
[debug]   Load.apply: Def.make(settings)... took 331.511254ms
[debug]   Load.apply: structureIndex took 94.892274ms
[debug]   Load.apply: mkStreams took 1.483634ms
[info] loading global plugins from /home/mars/.sbt/1.0/plugins
[debug] Running task... Cancel: Signal, check cycles: false, forcegc: true
[debug] Load.defaultLoad until apply took 1981.450266ms
[debug]           Load.loadUnit: plugins took 9.834593ms
[debug]           Load.loadUnit: defsScala took 0.002953ms
[debug] [Loading] Scanning directory /home/mars/IdeaProjects/SIS9/NumberGeneratorService/project
[debug] [Loading] Found non-root projects 
[debug] [Loading] Done in /home/mars/IdeaProjects/SIS9/NumberGeneratorService/project, returning: ()
[debug] deducing auto plugins based on known facts Set(Atom(sbt.plugins.CorePlugin)) and clauses Clauses(List(Clause(Atom(sbt.plugins.JvmPlugin),Set(Atom(sbt.plugins.IvyPlugin))), Clause(Atom(sbt.ScriptedPlugin),Set(Atom(sbt.plugins.JvmPlugin))), Clause(Atom(sbt.plugins.SbtPlugin),Set(Atom(sbt.ScriptedPlugin))), Clause(Atom(sbt.plugins.SemanticdbPlugin),Set(Atom(sbt.plugins.JvmPlugin))), Clause(Atom(sbt.plugins.JUnitXmlReportPlugin),Set(Atom(sbt.plugins.JvmPlugin))), Clause(Atom(sbt.plugins.MiniDependencyTreePlugin),Set(Atom(sbt.plugins.JvmPlugin))), Clause(Atom(sbt.plugins.CorePlugin),Set(Atom(sbt.plugins.IvyPlugin))), Clause(Atom(sbt.plugins.IvyPlugin),Set(Atom(sbt.plugins.JvmPlugin))), Clause(Atom(sbt.plugins.JvmPlugin),Set(Atom(sbt.plugins.SemanticdbPlugin))), Clause(Atom(sbt.plugins.JvmPlugin),Set(Atom(sbt.plugins.JUnitXmlReportPlugin))), Clause(Atom(sbt.plugins.CorePlugin),Set(Atom(sbt.plugins.Giter8TemplatePlugin))), Clause(Atom(sbt.plugins.JvmPlugin),Set(Atom(sbt.plugins.MiniDependencyTreePlugin)))))
[debug]   :: deduced result: Matched(sbt.plugins.CorePlugin,sbt.plugins.Giter8TemplatePlugin,sbt.plugins.IvyPlugin,sbt.plugins.JvmPlugin,sbt.plugins.MiniDependencyTreePlugin,sbt.plugins.JUnitXmlReportPlugin,sbt.plugins.SemanticdbPlugin)
[debug] Plugins.deducer#function took 1.34547 ms
[debug]               Load.resolveProject(numbergeneratorservice-build) took 0.821425ms
[debug]             Load.loadTransitive: finalizeProject(Project(id numbergeneratorservice-build, base: /home/mars/IdeaProjects/SIS9/NumberGeneratorService/project, plugins: List(<none>))) took 2.529868ms
[debug] [Loading] Done in /home/mars/IdeaProjects/SIS9/NumberGeneratorService/project, returning: (numbergeneratorservice-build)
[debug]           Load.loadUnit: loadedProjectsRaw took 3.865064ms
[debug]           Load.loadUnit: cleanEvalClasses took 0.00769ms
[debug]         Load.loadUnit(file:/home/mars/IdeaProjects/SIS9/NumberGeneratorService/project/, ...) took 14.119303ms
[debug]       Load.apply: load took 14.972092ms
[debug]       Load.apply: resolveProjects took 0.094021ms
[debug]       Load.apply: finalTransforms took 15.730949ms
[debug]       Load.apply: config.delegates took 0.482573ms
[debug]       Load.apply: Def.make(settings)... took 74.510528ms
[debug]       Load.apply: structureIndex took 22.275406ms
[debug]       Load.apply: mkStreams took 0.002258ms
[info] loading project definition from /home/mars/IdeaProjects/SIS9/NumberGeneratorService/project
[debug] Running task... Cancel: Signal, check cycles: false, forcegc: true
[debug]     Load.loadUnit: plugins took 234.345099ms
[debug]     Load.loadUnit: defsScala took 0.002493ms
[debug] [Loading] Scanning directory /home/mars/IdeaProjects/SIS9/NumberGeneratorService
[debug]       Load.loadUnit: mkEval took 4.515284ms
[debug] [Loading] Found non-root projects 
[debug] [Loading] Done in /home/mars/IdeaProjects/SIS9/NumberGeneratorService, returning: ()
[debug] deducing auto plugins based on known facts Set(Atom(sbt.plugins.CorePlugin)) and clauses Clauses(List(Clause(Atom(sbt.plugins.JvmPlugin),Set(Atom(sbt.plugins.IvyPlugin))), Clause(Atom(sbt.ScriptedPlugin),Set(Atom(sbt.plugins.JvmPlugin))), Clause(Atom(sbt.plugins.SbtPlugin),Set(Atom(sbt.ScriptedPlugin))), Clause(Atom(sbt.plugins.SemanticdbPlugin),Set(Atom(sbt.plugins.JvmPlugin))), Clause(Atom(sbt.plugins.JUnitXmlReportPlugin),Set(Atom(sbt.plugins.JvmPlugin))), Clause(Atom(sbt.plugins.MiniDependencyTreePlugin),Set(Atom(sbt.plugins.JvmPlugin))), Clause(Atom(sbt.plugins.CorePlugin),Set(Atom(sbt.plugins.IvyPlugin))), Clause(Atom(sbt.plugins.IvyPlugin),Set(Atom(sbt.plugins.JvmPlugin))), Clause(Atom(sbt.plugins.JvmPlugin),Set(Atom(sbt.plugins.SemanticdbPlugin))), Clause(Atom(sbt.plugins.JvmPlugin),Set(Atom(sbt.plugins.JUnitXmlReportPlugin))), Clause(Atom(sbt.plugins.CorePlugin),Set(Atom(sbt.plugins.Giter8TemplatePlugin))), Clause(Atom(sbt.plugins.JvmPlugin),Set(Atom(sbt.plugins.MiniDependencyTreePlugin)))))
[debug]   :: deduced result: Matched(sbt.plugins.CorePlugin,sbt.plugins.Giter8TemplatePlugin,sbt.plugins.IvyPlugin,sbt.plugins.JvmPlugin,sbt.plugins.MiniDependencyTreePlugin,sbt.plugins.JUnitXmlReportPlugin,sbt.plugins.SemanticdbPlugin)
[debug] Plugins.deducer#function took 2.005907 ms
[info] loading settings for project numbergeneratorservice from build.sbt ...
[debug]         Load.resolveProject(numbergeneratorservice) took 2.28334ms
[debug]       Load.loadTransitive: finalizeProject(Project(id numbergeneratorservice, base: /home/mars/IdeaProjects/SIS9/NumberGeneratorService, plugins: List(<none>))) took 4.893163ms
[debug] [Loading] Done in /home/mars/IdeaProjects/SIS9/NumberGeneratorService, returning: (numbergeneratorservice)
[debug]     Load.loadUnit: loadedProjectsRaw took 99.657096ms
[debug]     Load.loadUnit: cleanEvalClasses took 3.453468ms
[debug]   Load.loadUnit(file:/home/mars/IdeaProjects/SIS9/NumberGeneratorService/, ...) took 337.993545ms
[debug] Load.apply: load took 338.917571ms
[debug] Load.apply: resolveProjects took 0.104423ms
[debug] Load.apply: finalTransforms took 8.338741ms
[debug] Load.apply: config.delegates took 0.33329ms
[debug] Load.apply: Def.make(settings)... took 81.471828ms
[debug] Load.apply: structureIndex took 27.08667ms
[debug] Load.apply: mkStreams took 0.002859ms
[info] set current project to NumberGeneratorService (in build file:/home/mars/IdeaProjects/SIS9/NumberGeneratorService/)
[debug] > Exec(sbtPopOnFailure, None, None)
[debug] > Exec(resumeFromFailure, None, None)
[debug] > Exec(notifyUsersAboutShell, None, None)
[debug] > Exec(iflast shell, None, None)
[debug] > Exec(run, None, None)
[debug] Evaluating tasks: Compile / run
[debug] Running task... Cancel: Signal, check cycles: false, forcegc: true
[info] compiling 1 Scala source to /home/mars/IdeaProjects/SIS9/NumberGeneratorService/target/scala-2.13/classes ...
[info] done compiling
